<?xml version="1.0" encoding="UTF-8"?>
<testng-results ignored="0" total="1" passed="1" failed="0" skipped="0">
  <reporter-output>
  </reporter-output>
  <suite started-at="2023-12-09T15:01:08 IST" name="Default suite" finished-at="2023-12-09T15:01:14 IST" duration-ms="6599">
    <groups>
    </groups>
    <test started-at="2023-12-09T15:01:08 IST" name="Default test" finished-at="2023-12-09T15:01:14 IST" duration-ms="6599">
      <class name="Udemy.ExtentReportDemo.ExtentDemo">
        <test-method is-config="true" signature="config()[pri:0, instance:Udemy.ExtentReportDemo.ExtentDemo@515c6049]" started-at="2023-12-09T15:01:08 IST" name="config" finished-at="2023-12-09T15:01:08 IST" duration-ms="567" status="PASS">
          <reporter-output>
          </reporter-output>
        </test-method> <!-- config -->
        <test-method signature="intialDemo()[pri:0, instance:Udemy.ExtentReportDemo.ExtentDemo@515c6049]" started-at="2023-12-09T15:01:08 IST" name="intialDemo" finished-at="2023-12-09T15:01:14 IST" duration-ms="5939" status="PASS">
          <reporter-output>
          </reporter-output>
        </test-method> <!-- intialDemo -->
      </class> <!-- Udemy.ExtentReportDemo.ExtentDemo -->
    </test> <!-- Default test -->
  </suite> <!-- Default suite -->
</testng-results>
